Traceback (most recent call last):
  File "./combine_obs_2min.py", line 3, in <module>
    from letkfobsio import *
ModuleNotFoundError: No module named 'letkfobsio'
2013:07:13 03-58-30 -> 2013:07:13 04-00-00
2013:07:13 03-59-30 -> 2013:07:13 04-00-00
2013:07:13 03-59-00 -> 2013:07:13 04-00-00
2013:07:13 04-00-00 -> 2013:07:13 04-00-00
2013:07:13 03-59-30 -> 2013:07:13 04-00-00
2013:07:13 04-00-00 -> 2013:07:13 04-00-00
2013:07:13 04-00-30 -> 2013:07:13 04-01-00
2013:07:13 04-01-00 -> 2013:07:13 04-01-00
2013:07:13 04-00-30 -> 2013:07:13 04-02-00
2013:07:13 04-01-30 -> 2013:07:13 04-02-00
2013:07:13 04-01-00 -> 2013:07:13 04-02-00
2013:07:13 04-02-00 -> 2013:07:13 04-02-00
2013:07:13 04-01-30 -> 2013:07:13 04-02-00
2013:07:13 04-02-00 -> 2013:07:13 04-02-00
2013:07:13 04-02-30 -> 2013:07:13 04-03-00
2013:07:13 04-03-00 -> 2013:07:13 04-03-00
2013:07:13 04-02-30 -> 2013:07:13 04-04-00
2013:07:13 04-03-00 -> 2013:07:13 04-04-00
2013:07:13 04-03-30 -> 2013:07:13 04-04-00
2013:07:13 04-03-30 -> 2013:07:13 04-04-00
2013:07:13 04-04-00 -> 2013:07:13 04-04-00
2013:07:13 04-04-00 -> 2013:07:13 04-04-00
2013:07:13 04-04-30 -> 2013:07:13 04-05-00
2013:07:13 04-05-00 -> 2013:07:13 04-05-00
2013:07:13 04-04-30 -> 2013:07:13 04-06-00
2013:07:13 04-05-00 -> 2013:07:13 04-06-00
2013:07:13 04-05-30 -> 2013:07:13 04-06-00
2013:07:13 04-05-30 -> 2013:07:13 04-06-00
2013:07:13 04-06-00 -> 2013:07:13 04-06-00
2013:07:13 04-06-00 -> 2013:07:13 04-06-00
2013:07:13 04-06-30 -> 2013:07:13 04-07-00
2013:07:13 04-07-00 -> 2013:07:13 04-07-00
2013:07:13 04-06-30 -> 2013:07:13 04-08-00
2013:07:13 04-07-00 -> 2013:07:13 04-08-00
2013:07:13 04-07-30 -> 2013:07:13 04-08-00
2013:07:13 04-07-30 -> 2013:07:13 04-08-00
2013:07:13 04-08-00 -> 2013:07:13 04-08-00
2013:07:13 04-08-00 -> 2013:07:13 04-08-00
2013:07:13 04-08-30 -> 2013:07:13 04-09-00
2013:07:13 04-09-00 -> 2013:07:13 04-09-00
2013:07:13 04-08-30 -> 2013:07:13 04-10-00
2013:07:13 04-09-00 -> 2013:07:13 04-10-00
2013:07:13 04-09-30 -> 2013:07:13 04-10-00
2013:07:13 04-09-30 -> 2013:07:13 04-10-00
2013:07:13 04-10-00 -> 2013:07:13 04-10-00
2013:07:13 04-10-00 -> 2013:07:13 04-10-00
2013:07:13 04-10-30 -> 2013:07:13 04-11-00
2013:07:13 04-11-00 -> 2013:07:13 04-11-00
2013:07:13 04-10-30 -> 2013:07:13 04-12-00
2013:07:13 04-11-00 -> 2013:07:13 04-12-00
2013:07:13 04-11-30 -> 2013:07:13 04-12-00
2013:07:13 04-11-30 -> 2013:07:13 04-12-00
2013:07:13 04-12-00 -> 2013:07:13 04-12-00
2013:07:13 04-12-00 -> 2013:07:13 04-12-00
2013:07:13 04-12-30 -> 2013:07:13 04-13-00
2013:07:13 04-13-00 -> 2013:07:13 04-13-00
2013:07:13 04-12-30 -> 2013:07:13 04-14-00
2013:07:13 04-13-00 -> 2013:07:13 04-14-00
2013:07:13 04-13-30 -> 2013:07:13 04-14-00
2013:07:13 04-13-30 -> 2013:07:13 04-14-00
2013:07:13 04-14-00 -> 2013:07:13 04-14-00
2013:07:13 04-14-00 -> 2013:07:13 04-14-00
2013:07:13 04-14-30 -> 2013:07:13 04-15-00
2013:07:13 04-15-00 -> 2013:07:13 04-15-00
2013:07:13 04-14-30 -> 2013:07:13 04-16-00
2013:07:13 04-15-00 -> 2013:07:13 04-16-00
2013:07:13 04-15-30 -> 2013:07:13 04-16-00
2013:07:13 04-15-30 -> 2013:07:13 04-16-00
2013:07:13 04-16-00 -> 2013:07:13 04-16-00
2013:07:13 04-16-00 -> 2013:07:13 04-16-00
2013:07:13 04-16-30 -> 2013:07:13 04-17-00
2013:07:13 04-17-00 -> 2013:07:13 04-17-00
2013:07:13 04-16-30 -> 2013:07:13 04-18-00
2013:07:13 04-17-00 -> 2013:07:13 04-18-00
2013:07:13 04-17-30 -> 2013:07:13 04-18-00
2013:07:13 04-17-30 -> 2013:07:13 04-18-00
2013:07:13 04-18-00 -> 2013:07:13 04-18-00
2013:07:13 04-18-00 -> 2013:07:13 04-18-00
2013:07:13 04-18-30 -> 2013:07:13 04-19-00
2013:07:13 04-19-00 -> 2013:07:13 04-19-00
2013:07:13 04-18-30 -> 2013:07:13 04-20-00
2013:07:13 04-19-00 -> 2013:07:13 04-20-00
2013:07:13 04-19-30 -> 2013:07:13 04-20-00
2013:07:13 04-19-30 -> 2013:07:13 04-20-00
2013:07:13 04-20-00 -> 2013:07:13 04-20-00
2013:07:13 04-20-00 -> 2013:07:13 04-20-00
2013:07:13 04-20-30 -> 2013:07:13 04-21-00
2013:07:13 04-21-00 -> 2013:07:13 04-21-00
2013:07:13 04-20-30 -> 2013:07:13 04-22-00
2013:07:13 04-21-00 -> 2013:07:13 04-22-00
2013:07:13 04-21-30 -> 2013:07:13 04-22-00
2013:07:13 04-21-30 -> 2013:07:13 04-22-00
2013:07:13 04-22-00 -> 2013:07:13 04-22-00
2013:07:13 04-22-00 -> 2013:07:13 04-22-00
2013:07:13 04-22-30 -> 2013:07:13 04-23-00
2013:07:13 04-23-00 -> 2013:07:13 04-23-00
2013:07:13 04-22-30 -> 2013:07:13 04-24-00
2013:07:13 04-23-00 -> 2013:07:13 04-24-00
2013:07:13 04-23-30 -> 2013:07:13 04-24-00
2013:07:13 04-23-30 -> 2013:07:13 04-24-00
2013:07:13 04-24-00 -> 2013:07:13 04-24-00
2013:07:13 04-24-00 -> 2013:07:13 04-24-00
2013:07:13 04-24-30 -> 2013:07:13 04-25-00
2013:07:13 04-25-00 -> 2013:07:13 04-25-00
2013:07:13 04-24-30 -> 2013:07:13 04-26-00
2013:07:13 04-25-00 -> 2013:07:13 04-26-00
2013:07:13 04-25-30 -> 2013:07:13 04-26-00
2013:07:13 04-25-30 -> 2013:07:13 04-26-00
2013:07:13 04-26-00 -> 2013:07:13 04-26-00
2013:07:13 04-26-00 -> 2013:07:13 04-26-00
2013:07:13 04-26-30 -> 2013:07:13 04-27-00
2013:07:13 04-27-00 -> 2013:07:13 04-27-00
2013:07:13 04-26-30 -> 2013:07:13 04-28-00
2013:07:13 04-27-30 -> 2013:07:13 04-28-00
2013:07:13 04-27-00 -> 2013:07:13 04-28-00
2013:07:13 04-28-00 -> 2013:07:13 04-28-00
2013:07:13 04-27-30 -> 2013:07:13 04-28-00
2013:07:13 04-28-00 -> 2013:07:13 04-28-00
2013:07:13 04-28-30 -> 2013:07:13 04-29-00
2013:07:13 04-29-00 -> 2013:07:13 04-29-00
2013:07:13 04-28-30 -> 2013:07:13 04-30-00
2013:07:13 04-29-30 -> 2013:07:13 04-30-00
2013:07:13 04-29-00 -> 2013:07:13 04-30-00
2013:07:13 04-30-00 -> 2013:07:13 04-30-00
2013:07:13 04-29-30 -> 2013:07:13 04-30-00
2013:07:13 04-30-00 -> 2013:07:13 04-30-00
2013:07:13 04-30-30 -> 2013:07:13 04-31-00
2013:07:13 04-31-00 -> 2013:07:13 04-31-00
2013:07:13 04-31-30 -> 2013:07:13 04-32-00
2013:07:13 04-30-30 -> 2013:07:13 04-32-00
2013:07:13 04-32-00 -> 2013:07:13 04-32-00
2013:07:13 04-31-00 -> 2013:07:13 04-32-00
2013:07:13 04-31-30 -> 2013:07:13 04-32-00
2013:07:13 04-32-00 -> 2013:07:13 04-32-00
2013:07:13 04-32-30 -> 2013:07:13 04-33-00
2013:07:13 04-33-00 -> 2013:07:13 04-33-00
2013:07:13 04-32-30 -> 2013:07:13 04-34-00
2013:07:13 04-33-30 -> 2013:07:13 04-34-00
2013:07:13 04-33-00 -> 2013:07:13 04-34-00
2013:07:13 04-34-00 -> 2013:07:13 04-34-00
2013:07:13 04-33-30 -> 2013:07:13 04-34-00
2013:07:13 04-34-00 -> 2013:07:13 04-34-00
2013:07:13 04-34-30 -> 2013:07:13 04-35-00
2013:07:13 04-35-00 -> 2013:07:13 04-35-00
2013:07:13 04-35-30 -> 2013:07:13 04-36-00
2013:07:13 04-34-30 -> 2013:07:13 04-36-00
2013:07:13 04-36-00 -> 2013:07:13 04-36-00
2013:07:13 04-35-00 -> 2013:07:13 04-36-00
2013:07:13 04-35-30 -> 2013:07:13 04-36-00
2013:07:13 04-36-00 -> 2013:07:13 04-36-00
2013:07:13 04-36-30 -> 2013:07:13 04-37-00
2013:07:13 04-37-00 -> 2013:07:13 04-37-00
2013:07:13 04-37-30 -> 2013:07:13 04-38-00
2013:07:13 04-36-30 -> 2013:07:13 04-38-00
2013:07:13 04-38-00 -> 2013:07:13 04-38-00
2013:07:13 04-37-00 -> 2013:07:13 04-38-00
2013:07:13 04-37-30 -> 2013:07:13 04-38-00
2013:07:13 04-38-00 -> 2013:07:13 04-38-00
2013:07:13 04-38-30 -> 2013:07:13 04-39-00
2013:07:13 04-39-00 -> 2013:07:13 04-39-00
2013:07:13 04-38-30 -> 2013:07:13 04-40-00
2013:07:13 04-39-30 -> 2013:07:13 04-40-00
2013:07:13 04-39-00 -> 2013:07:13 04-40-00
2013:07:13 04-40-00 -> 2013:07:13 04-40-00
2013:07:13 04-39-30 -> 2013:07:13 04-40-00
2013:07:13 04-40-00 -> 2013:07:13 04-40-00
2013:07:13 04-40-30 -> 2013:07:13 04-41-00
2013:07:13 04-41-00 -> 2013:07:13 04-41-00
2013:07:13 04-41-30 -> 2013:07:13 04-42-00
2013:07:13 04-40-30 -> 2013:07:13 04-42-00
2013:07:13 04-42-00 -> 2013:07:13 04-42-00
2013:07:13 04-41-00 -> 2013:07:13 04-42-00
2013:07:13 04-41-30 -> 2013:07:13 04-42-00
2013:07:13 04-42-00 -> 2013:07:13 04-42-00
2013:07:13 04-42-30 -> 2013:07:13 04-43-00
2013:07:13 04-43-00 -> 2013:07:13 04-43-00
2013:07:13 04-43-30 -> 2013:07:13 04-44-00
2013:07:13 04-42-30 -> 2013:07:13 04-44-00
2013:07:13 04-44-00 -> 2013:07:13 04-44-00
2013:07:13 04-43-00 -> 2013:07:13 04-44-00
2013:07:13 04-43-30 -> 2013:07:13 04-44-00
2013:07:13 04-44-00 -> 2013:07:13 04-44-00
2013:07:13 04-44-30 -> 2013:07:13 04-45-00
2013:07:13 04-45-00 -> 2013:07:13 04-45-00
2013:07:13 04-45-30 -> 2013:07:13 04-46-00
2013:07:13 04-44-30 -> 2013:07:13 04-46-00
2013:07:13 04-46-00 -> 2013:07:13 04-46-00
2013:07:13 04-45-00 -> 2013:07:13 04-46-00
2013:07:13 04-45-30 -> 2013:07:13 04-46-00
2013:07:13 04-46-00 -> 2013:07:13 04-46-00
2013:07:13 04-46-30 -> 2013:07:13 04-47-00
2013:07:13 04-47-00 -> 2013:07:13 04-47-00
2013:07:13 04-47-30 -> 2013:07:13 04-48-00
2013:07:13 04-46-30 -> 2013:07:13 04-48-00
2013:07:13 04-48-00 -> 2013:07:13 04-48-00
2013:07:13 04-47-00 -> 2013:07:13 04-48-00
2013:07:13 04-47-30 -> 2013:07:13 04-48-00
2013:07:13 04-48-00 -> 2013:07:13 04-48-00
2013:07:13 04-48-30 -> 2013:07:13 04-49-00
2013:07:13 04-49-00 -> 2013:07:13 04-49-00
2013:07:13 04-49-30 -> 2013:07:13 04-50-00
2013:07:13 04-48-30 -> 2013:07:13 04-50-00
2013:07:13 04-50-00 -> 2013:07:13 04-50-00
2013:07:13 04-49-00 -> 2013:07:13 04-50-00
2013:07:13 04-49-30 -> 2013:07:13 04-50-00
2013:07:13 04-50-00 -> 2013:07:13 04-50-00
2013:07:13 04-50-30 -> 2013:07:13 04-51-00
2013:07:13 04-51-00 -> 2013:07:13 04-51-00
2013:07:13 04-51-30 -> 2013:07:13 04-52-00
2013:07:13 04-52-00 -> 2013:07:13 04-52-00
2013:07:13 04-50-30 -> 2013:07:13 04-52-00
2013:07:13 04-51-00 -> 2013:07:13 04-52-00
2013:07:13 04-51-30 -> 2013:07:13 04-52-00
2013:07:13 04-52-00 -> 2013:07:13 04-52-00
2013:07:13 04-52-30 -> 2013:07:13 04-53-00
2013:07:13 04-53-00 -> 2013:07:13 04-53-00
2013:07:13 04-53-30 -> 2013:07:13 04-54-00
2013:07:13 04-54-00 -> 2013:07:13 04-54-00
2013:07:13 04-52-30 -> 2013:07:13 04-54-00
2013:07:13 04-53-00 -> 2013:07:13 04-54-00
2013:07:13 04-53-30 -> 2013:07:13 04-54-00
2013:07:13 04-54-00 -> 2013:07:13 04-54-00
2013:07:13 04-54-30 -> 2013:07:13 04-55-00
2013:07:13 04-55-00 -> 2013:07:13 04-55-00
2013:07:13 04-55-30 -> 2013:07:13 04-56-00
2013:07:13 04-56-00 -> 2013:07:13 04-56-00
2013:07:13 04-54-30 -> 2013:07:13 04-56-00
2013:07:13 04-55-00 -> 2013:07:13 04-56-00
2013:07:13 04-55-30 -> 2013:07:13 04-56-00
2013:07:13 04-56-00 -> 2013:07:13 04-56-00
2013:07:13 04-56-30 -> 2013:07:13 04-57-00
2013:07:13 04-57-00 -> 2013:07:13 04-57-00
2013:07:13 04-57-30 -> 2013:07:13 04-58-00
2013:07:13 04-56-30 -> 2013:07:13 04-58-00
2013:07:13 04-58-00 -> 2013:07:13 04-58-00
2013:07:13 04-57-00 -> 2013:07:13 04-58-00
2013:07:13 04-57-30 -> 2013:07:13 04-58-00
2013:07:13 04-58-00 -> 2013:07:13 04-58-00
2013:07:13 04-58-30 -> 2013:07:13 04-59-00
2013:07:13 04-59-00 -> 2013:07:13 04-59-00
2013:07:13 04-59-30 -> 2013:07:13 05-00-00
2013:07:13 04-58-30 -> 2013:07:13 05-00-00
2013:07:13 05-00-00 -> 2013:07:13 05-00-00
2013:07:13 04-59-00 -> 2013:07:13 05-00-00
2013:07:13 04-59-30 -> 2013:07:13 05-00-00
2013:07:13 05-00-00 -> 2013:07:13 05-00-00
2013:07:13 05-00-30 -> 2013:07:13 05-01-00
2013:07:13 05-01-00 -> 2013:07:13 05-01-00
2013:07:13 05-01-30 -> 2013:07:13 05-02-00
2013:07:13 05-00-30 -> 2013:07:13 05-02-00
2013:07:13 05-02-00 -> 2013:07:13 05-02-00
2013:07:13 05-01-00 -> 2013:07:13 05-02-00
2013:07:13 05-01-30 -> 2013:07:13 05-02-00
2013:07:13 05-02-00 -> 2013:07:13 05-02-00
2013:07:13 05-02-30 -> 2013:07:13 05-03-00
2013:07:13 05-03-00 -> 2013:07:13 05-03-00
2013:07:13 05-03-30 -> 2013:07:13 05-04-00
2013:07:13 05-04-00 -> 2013:07:13 05-04-00
2013:07:13 05-02-30 -> 2013:07:13 05-04-00
2013:07:13 05-03-00 -> 2013:07:13 05-04-00
2013:07:13 05-03-30 -> 2013:07:13 05-04-00
2013:07:13 05-04-00 -> 2013:07:13 05-04-00
2013:07:13 05-04-30 -> 2013:07:13 05-05-00
2013:07:13 05-05-00 -> 2013:07:13 05-05-00
2013:07:13 05-05-30 -> 2013:07:13 05-06-00
2013:07:13 05-06-00 -> 2013:07:13 05-06-00
2013:07:13 05-04-30 -> 2013:07:13 05-06-00
2013:07:13 05-05-00 -> 2013:07:13 05-06-00
2013:07:13 05-05-30 -> 2013:07:13 05-06-00
2013:07:13 05-06-00 -> 2013:07:13 05-06-00
2013:07:13 05-06-30 -> 2013:07:13 05-07-00
2013:07:13 05-07-00 -> 2013:07:13 05-07-00
2013:07:13 05-07-30 -> 2013:07:13 05-08-00
2013:07:13 05-08-00 -> 2013:07:13 05-08-00
2013:07:13 05-06-30 -> 2013:07:13 05-08-00
2013:07:13 05-07-00 -> 2013:07:13 05-08-00
2013:07:13 05-07-30 -> 2013:07:13 05-08-00
2013:07:13 05-08-00 -> 2013:07:13 05-08-00
2013:07:13 05-08-30 -> 2013:07:13 05-09-00
2013:07:13 05-09-00 -> 2013:07:13 05-09-00
2013:07:13 05-09-30 -> 2013:07:13 05-10-00
2013:07:13 05-10-00 -> 2013:07:13 05-10-00
2013:07:13 05-08-30 -> 2013:07:13 05-10-00
2013:07:13 05-09-00 -> 2013:07:13 05-10-00
2013:07:13 05-09-30 -> 2013:07:13 05-10-00
2013:07:13 05-10-00 -> 2013:07:13 05-10-00
2013:07:13 05-10-30 -> 2013:07:13 05-11-00
2013:07:13 05-11-00 -> 2013:07:13 05-11-00
2013:07:13 05-11-30 -> 2013:07:13 05-12-00
2013:07:13 05-12-00 -> 2013:07:13 05-12-00
2013:07:13 05-10-30 -> 2013:07:13 05-12-00
2013:07:13 05-11-00 -> 2013:07:13 05-12-00
2013:07:13 05-11-30 -> 2013:07:13 05-12-00
2013:07:13 05-12-00 -> 2013:07:13 05-12-00
2013:07:13 05-12-30 -> 2013:07:13 05-13-00
2013:07:13 05-13-00 -> 2013:07:13 05-13-00
2013:07:13 05-13-30 -> 2013:07:13 05-14-00
2013:07:13 05-14-00 -> 2013:07:13 05-14-00
2013:07:13 05-12-30 -> 2013:07:13 05-14-00
2013:07:13 05-13-00 -> 2013:07:13 05-14-00
2013:07:13 05-13-30 -> 2013:07:13 05-14-00
2013:07:13 05-14-00 -> 2013:07:13 05-14-00
2013:07:13 05-14-30 -> 2013:07:13 05-15-00
2013:07:13 05-15-00 -> 2013:07:13 05-15-00
2013:07:13 05-15-30 -> 2013:07:13 05-16-00
2013:07:13 05-16-00 -> 2013:07:13 05-16-00
2013:07:13 05-14-30 -> 2013:07:13 05-16-00
2013:07:13 05-15-00 -> 2013:07:13 05-16-00
2013:07:13 05-15-30 -> 2013:07:13 05-16-00
2013:07:13 05-16-00 -> 2013:07:13 05-16-00
2013:07:13 05-16-30 -> 2013:07:13 05-17-00
2013:07:13 05-17-00 -> 2013:07:13 05-17-00
2013:07:13 05-17-30 -> 2013:07:13 05-18-00
2013:07:13 05-18-00 -> 2013:07:13 05-18-00
2013:07:13 05-16-30 -> 2013:07:13 05-18-00
2013:07:13 05-17-00 -> 2013:07:13 05-18-00
2013:07:13 05-17-30 -> 2013:07:13 05-18-00
2013:07:13 05-18-00 -> 2013:07:13 05-18-00
2013:07:13 05-18-30 -> 2013:07:13 05-19-00
2013:07:13 05-19-00 -> 2013:07:13 05-19-00
2013:07:13 05-19-30 -> 2013:07:13 05-20-00
2013:07:13 05-20-00 -> 2013:07:13 05-20-00
2013:07:13 05-18-30 -> 2013:07:13 05-20-00
2013:07:13 05-19-00 -> 2013:07:13 05-20-00
2013:07:13 05-19-30 -> 2013:07:13 05-20-00
2013:07:13 05-20-00 -> 2013:07:13 05-20-00
2013:07:13 05-20-30 -> 2013:07:13 05-21-00
2013:07:13 05-21-00 -> 2013:07:13 05-21-00
2013:07:13 05-21-30 -> 2013:07:13 05-22-00
2013:07:13 05-22-00 -> 2013:07:13 05-22-00
2013:07:13 05-20-30 -> 2013:07:13 05-22-00
2013:07:13 05-21-00 -> 2013:07:13 05-22-00
2013:07:13 05-21-30 -> 2013:07:13 05-22-00
2013:07:13 05-22-00 -> 2013:07:13 05-22-00
2013:07:13 05-22-30 -> 2013:07:13 05-23-00
2013:07:13 05-23-00 -> 2013:07:13 05-23-00
2013:07:13 05-23-30 -> 2013:07:13 05-24-00
2013:07:13 05-24-00 -> 2013:07:13 05-24-00
2013:07:13 05-22-30 -> 2013:07:13 05-24-00
2013:07:13 05-23-00 -> 2013:07:13 05-24-00
2013:07:13 05-23-30 -> 2013:07:13 05-24-00
2013:07:13 05-24-00 -> 2013:07:13 05-24-00
2013:07:13 05-24-30 -> 2013:07:13 05-25-00
2013:07:13 05-25-00 -> 2013:07:13 05-25-00
2013:07:13 05-25-30 -> 2013:07:13 05-26-00
2013:07:13 05-26-00 -> 2013:07:13 05-26-00
2013:07:13 05-24-30 -> 2013:07:13 05-26-00
2013:07:13 05-25-00 -> 2013:07:13 05-26-00
2013:07:13 05-25-30 -> 2013:07:13 05-26-00
2013:07:13 05-26-00 -> 2013:07:13 05-26-00
2013:07:13 05-26-30 -> 2013:07:13 05-27-00
2013:07:13 05-27-00 -> 2013:07:13 05-27-00
2013:07:13 05-27-30 -> 2013:07:13 05-28-00
2013:07:13 05-28-00 -> 2013:07:13 05-28-00
2013:07:13 05-26-30 -> 2013:07:13 05-28-00
2013:07:13 05-27-00 -> 2013:07:13 05-28-00
2013:07:13 05-27-30 -> 2013:07:13 05-28-00
2013:07:13 05-28-00 -> 2013:07:13 05-28-00
2013:07:13 05-28-30 -> 2013:07:13 05-29-00
2013:07:13 05-29-00 -> 2013:07:13 05-29-00
2013:07:13 05-29-30 -> 2013:07:13 05-30-00
2013:07:13 05-30-00 -> 2013:07:13 05-30-00
2013:07:13 05-28-30 -> 2013:07:13 05-30-00
2013:07:13 05-29-00 -> 2013:07:13 05-30-00
2013:07:13 05-29-30 -> 2013:07:13 05-30-00
2013:07:13 05-30-00 -> 2013:07:13 05-30-00
2013:07:13 05-30-30 -> 2013:07:13 05-31-00
2013:07:13 05-31-00 -> 2013:07:13 05-31-00
2013:07:13 05-31-30 -> 2013:07:13 05-32-00
2013:07:13 05-32-00 -> 2013:07:13 05-32-00
2013:07:13 05-30-30 -> 2013:07:13 05-32-00
2013:07:13 05-31-00 -> 2013:07:13 05-32-00
2013:07:13 05-31-30 -> 2013:07:13 05-32-00
2013:07:13 05-32-00 -> 2013:07:13 05-32-00
2013:07:13 05-32-30 -> 2013:07:13 05-33-00
2013:07:13 05-33-00 -> 2013:07:13 05-33-00
2013:07:13 05-33-30 -> 2013:07:13 05-34-00
2013:07:13 05-34-00 -> 2013:07:13 05-34-00
2013:07:13 05-32-30 -> 2013:07:13 05-34-00
2013:07:13 05-33-00 -> 2013:07:13 05-34-00
2013:07:13 05-33-30 -> 2013:07:13 05-34-00
2013:07:13 05-34-00 -> 2013:07:13 05-34-00
2013:07:13 05-34-30 -> 2013:07:13 05-35-00
2013:07:13 05-35-00 -> 2013:07:13 05-35-00
2013:07:13 05-35-30 -> 2013:07:13 05-36-00
2013:07:13 05-36-00 -> 2013:07:13 05-36-00
2013:07:13 05-34-30 -> 2013:07:13 05-36-00
2013:07:13 05-35-00 -> 2013:07:13 05-36-00
2013:07:13 05-35-30 -> 2013:07:13 05-36-00
2013:07:13 05-36-00 -> 2013:07:13 05-36-00
2013:07:13 05-36-30 -> 2013:07:13 05-37-00
2013:07:13 05-37-00 -> 2013:07:13 05-37-00
2013:07:13 05-37-30 -> 2013:07:13 05-38-00
2013:07:13 05-38-00 -> 2013:07:13 05-38-00
2013:07:13 05-36-30 -> 2013:07:13 05-38-00
2013:07:13 05-37-00 -> 2013:07:13 05-38-00
2013:07:13 05-37-30 -> 2013:07:13 05-38-00
2013:07:13 05-38-00 -> 2013:07:13 05-38-00
2013:07:13 05-38-30 -> 2013:07:13 05-39-00
2013:07:13 05-39-00 -> 2013:07:13 05-39-00
2013:07:13 05-39-30 -> 2013:07:13 05-40-00
2013:07:13 05-40-00 -> 2013:07:13 05-40-00
2013:07:13 05-38-30 -> 2013:07:13 05-40-00
2013:07:13 05-39-00 -> 2013:07:13 05-40-00
2013:07:13 05-39-30 -> 2013:07:13 05-40-00
2013:07:13 05-40-00 -> 2013:07:13 05-40-00
2013:07:13 05-40-30 -> 2013:07:13 05-41-00
2013:07:13 05-41-00 -> 2013:07:13 05-41-00
2013:07:13 05-41-30 -> 2013:07:13 05-42-00
2013:07:13 05-42-00 -> 2013:07:13 05-42-00
2013:07:13 05-40-30 -> 2013:07:13 05-42-00
2013:07:13 05-41-00 -> 2013:07:13 05-42-00
2013:07:13 05-41-30 -> 2013:07:13 05-42-00
2013:07:13 05-42-00 -> 2013:07:13 05-42-00
2013:07:13 05-42-30 -> 2013:07:13 05-43-00
2013:07:13 05-43-00 -> 2013:07:13 05-43-00
2013:07:13 05-43-30 -> 2013:07:13 05-44-00
2013:07:13 05-44-00 -> 2013:07:13 05-44-00
2013:07:13 05-42-30 -> 2013:07:13 05-44-00
2013:07:13 05-43-00 -> 2013:07:13 05-44-00
2013:07:13 05-43-30 -> 2013:07:13 05-44-00
2013:07:13 05-44-00 -> 2013:07:13 05-44-00
2013:07:13 05-44-30 -> 2013:07:13 05-45-00
2013:07:13 05-45-00 -> 2013:07:13 05-45-00
2013:07:13 05-45-30 -> 2013:07:13 05-46-00
2013:07:13 05-46-00 -> 2013:07:13 05-46-00
2013:07:13 05-44-30 -> 2013:07:13 05-46-00
2013:07:13 05-45-00 -> 2013:07:13 05-46-00
2013:07:13 05-45-30 -> 2013:07:13 05-46-00
2013:07:13 05-46-00 -> 2013:07:13 05-46-00
2013:07:13 05-46-30 -> 2013:07:13 05-47-00
2013:07:13 05-47-00 -> 2013:07:13 05-47-00
2013:07:13 05-47-30 -> 2013:07:13 05-48-00
2013:07:13 05-48-00 -> 2013:07:13 05-48-00
2013:07:13 05-46-30 -> 2013:07:13 05-48-00
2013:07:13 05-47-00 -> 2013:07:13 05-48-00
2013:07:13 05-47-30 -> 2013:07:13 05-48-00
2013:07:13 05-48-00 -> 2013:07:13 05-48-00
2013:07:13 05-48-30 -> 2013:07:13 05-49-00
2013:07:13 05-49-00 -> 2013:07:13 05-49-00
2013:07:13 05-49-30 -> 2013:07:13 05-50-00
2013:07:13 05-50-00 -> 2013:07:13 05-50-00
2013:07:13 05-48-30 -> 2013:07:13 05-50-00
2013:07:13 05-49-00 -> 2013:07:13 05-50-00
2013:07:13 05-49-30 -> 2013:07:13 05-50-00
2013:07:13 05-50-00 -> 2013:07:13 05-50-00
2013:07:13 05-50-30 -> 2013:07:13 05-51-00
2013:07:13 05-51-00 -> 2013:07:13 05-51-00
2013:07:13 05-51-30 -> 2013:07:13 05-52-00
2013:07:13 05-52-00 -> 2013:07:13 05-52-00
2013:07:13 05-50-30 -> 2013:07:13 05-52-00
2013:07:13 05-51-00 -> 2013:07:13 05-52-00
2013:07:13 05-51-30 -> 2013:07:13 05-52-00
2013:07:13 05-52-00 -> 2013:07:13 05-52-00
2013:07:13 05-52-30 -> 2013:07:13 05-53-00
2013:07:13 05-53-00 -> 2013:07:13 05-53-00
2013:07:13 05-53-30 -> 2013:07:13 05-54-00
2013:07:13 05-54-00 -> 2013:07:13 05-54-00
2013:07:13 05-52-30 -> 2013:07:13 05-54-00
2013:07:13 05-53-00 -> 2013:07:13 05-54-00
2013:07:13 05-53-30 -> 2013:07:13 05-54-00
2013:07:13 05-54-00 -> 2013:07:13 05-54-00
2013:07:13 05-54-30 -> 2013:07:13 05-55-00
2013:07:13 05-55-00 -> 2013:07:13 05-55-00
2013:07:13 05-55-30 -> 2013:07:13 05-56-00
2013:07:13 05-56-00 -> 2013:07:13 05-56-00
2013:07:13 05-54-30 -> 2013:07:13 05-56-00
2013:07:13 05-55-00 -> 2013:07:13 05-56-00
2013:07:13 05-55-30 -> 2013:07:13 05-56-00
2013:07:13 05-56-00 -> 2013:07:13 05-56-00
2013:07:13 05-56-30 -> 2013:07:13 05-57-00
2013:07:13 05-57-00 -> 2013:07:13 05-57-00
2013:07:13 05-57-30 -> 2013:07:13 05-58-00
2013:07:13 05-58-00 -> 2013:07:13 05-58-00
2013:07:13 05-56-30 -> 2013:07:13 05-58-00
2013:07:13 05-57-00 -> 2013:07:13 05-58-00
2013:07:13 05-57-30 -> 2013:07:13 05-58-00
2013:07:13 05-58-00 -> 2013:07:13 05-58-00
2013:07:13 05-58-30 -> 2013:07:13 05-59-00
2013:07:13 05-59-00 -> 2013:07:13 05-59-00
2013:07:13 05-59-30 -> 2013:07:13 06-00-00
2013:07:13 06-00-00 -> 2013:07:13 06-00-00
2013:07:13 05-58-30 -> 2013:07:13 06-00-00
2013:07:13 05-59-00 -> 2013:07:13 06-00-00
2013:07:13 05-59-30 -> 2013:07:13 06-00-00
2013:07:13 06-00-00 -> 2013:07:13 06-00-00
